<?xml version="1.0" encoding="UTF-8"?>
<testsuite name="jesusgsdev.board.TestGameBoard" tests="11" skipped="0" failures="0" errors="0" timestamp="2020-04-17T17:59:43" hostname="LAPTOP-5NVPTGG4" time="0.116">
  <properties/>
  <testcase name="test01GetAndSetElement" classname="jesusgsdev.board.TestGameBoard" time="0.038"/>
  <testcase name="test02Filter" classname="jesusgsdev.board.TestGameBoard" time="0.021"/>
  <testcase name="test03All" classname="jesusgsdev.board.TestGameBoard" time="0.003"/>
  <testcase name="test04Any" classname="jesusgsdev.board.TestGameBoard" time="0.017"/>
  <testcase name="test05TheSameCell" classname="jesusgsdev.board.TestGameBoard" time="0.004"/>
  <testcase name="test06FindReturnsTheSameCell" classname="jesusgsdev.board.TestGameBoard" time="0.002"/>
  <testcase name="test07FilterTheSameCell" classname="jesusgsdev.board.TestGameBoard" time="0.002"/>
  <testcase name="test08AllAny" classname="jesusgsdev.board.TestGameBoard" time="0.025"/>
  <testcase name="test09AllAny" classname="jesusgsdev.board.TestGameBoard" time="0.0"/>
  <testcase name="test10AllAny" classname="jesusgsdev.board.TestGameBoard" time="0.001"/>
  <testcase name="test11AllAny" classname="jesusgsdev.board.TestGameBoard" time="0.0"/>
  <system-out><![CDATA[]]></system-out>
  <system-err><![CDATA[]]></system-err>
</testsuite>
