<?xml version="1.0" encoding="UTF-8"?>
<testsuite name="games.board.TestGameBoard" tests="4" skipped="0" failures="0" errors="0" timestamp="2020-04-27T11:25:33" hostname="LAPTOP-5NVPTGG4" time="0.142">
  <properties/>
  <testcase name="testAll" classname="games.board.TestGameBoard" time="0.1"/>
  <testcase name="testAny" classname="games.board.TestGameBoard" time="0.011"/>
  <testcase name="testGetAndSetElement" classname="games.board.TestGameBoard" time="0.0"/>
  <testcase name="testFilter" classname="games.board.TestGameBoard" time="0.028"/>
  <system-out><![CDATA[]]></system-out>
  <system-err><![CDATA[]]></system-err>
</testsuite>
