<?xml version="1.0" encoding="UTF-8"?>
<testsuite name="games.game2048.TestGame2048Helper" tests="5" skipped="0" failures="0" errors="0" timestamp="2020-04-27T11:25:33" hostname="LAPTOP-5NVPTGG4" time="0.005">
  <properties/>
  <testcase name="testSample1" classname="games.game2048.TestGame2048Helper" time="0.003"/>
  <testcase name="testSample2" classname="games.game2048.TestGame2048Helper" time="0.0"/>
  <testcase name="testSample3" classname="games.game2048.TestGame2048Helper" time="0.0"/>
  <testcase name="testSample4" classname="games.game2048.TestGame2048Helper" time="0.0"/>
  <testcase name="testSample5" classname="games.game2048.TestGame2048Helper" time="0.0"/>
  <system-out><![CDATA[]]></system-out>
  <system-err><![CDATA[]]></system-err>
</testsuite>
