<?xml version="1.0" encoding="UTF-8"?>
<testsuite name="games.game2048.Test2048Initializer" tests="6" skipped="0" failures="0" errors="0" timestamp="2020-04-27T11:25:33" hostname="LAPTOP-5NVPTGG4" time="0.024">
  <properties/>
  <testcase name="full_board_values_are_correct" classname="games.game2048.Test2048Initializer" time="0.018"/>
  <testcase name="initializer_value_is_correct" classname="games.game2048.Test2048Initializer" time="0.001"/>
  <testcase name="empty_board_value_is_correct" classname="games.game2048.Test2048Initializer" time="0.0"/>
  <testcase name="initializer_cell_is_not_null" classname="games.game2048.Test2048Initializer" time="0.001"/>
  <testcase name="full_board_values_count_is_correct" classname="games.game2048.Test2048Initializer" time="0.002"/>
  <testcase name="empty_board_values_count_is_correct" classname="games.game2048.Test2048Initializer" time="0.001"/>
  <system-out><![CDATA[]]></system-out>
  <system-err><![CDATA[]]></system-err>
</testsuite>
